<?xml version="1.0" encoding="UTF-8"?>
<!-- Generated by org.testng.reporters.JUnitReportReporter -->
<testsuite hostname="LAPTOP-I461S6VK" failures="0" tests="1" name="Test.FrameW" time="20.728" errors="0" timestamp="2024-11-14T09:45:00 IST" skipped="0">
  <testcase classname="Test.FrameW" name="FrameW" time="20.728"/>
</testsuite> <!-- Test.FrameW -->
