<?xml version="1.0" encoding="UTF-8"?>
<!-- Generated by org.testng.reporters.JUnitReportReporter -->
<testsuite hostname="LAPTOP-I461S6VK" failures="0" tests="2" name="Test.ErrorValidation" time="30.194" errors="0" timestamp="2024-11-14T09:45:00 IST" skipped="0">
  <testcase classname="Test.ErrorValidation" name="ProductError" time="21.048"/>
  <testcase classname="Test.ErrorValidation" name="LoginError" time="9.146"/>
</testsuite> <!-- Test.ErrorValidation -->
